{
  "stats": {
    "suites": 1,
    "tests": 1,
    "passes": 1,
    "pending": 0,
    "failures": 0,
    "start": "2023-08-12T01:40:52.240Z",
    "end": "2023-08-12T01:41:13.935Z",
    "duration": 21695,
    "testsRegistered": 1,
    "passPercent": 100,
    "pendingPercent": 0,
    "other": 0,
    "hasOther": false,
    "skipped": 0,
    "hasSkipped": false
  },
  "results": [
    {
      "uuid": "62b16172-bb35-4211-85f1-612da940166a",
      "title": "",
      "fullFile": "C:\\Users\\18492\\Desktop\\SELENIUM\\tests\\spotify.spec.js",
      "file": "\\tests\\spotify.spec.js",
      "beforeHooks": [],
      "afterHooks": [],
      "tests": [],
      "suites": [
        {
          "uuid": "3cf31b25-3dd1-4788-9177-a5d4c6aa8458",
          "title": "login",
          "fullFile": "C:\\Users\\18492\\Desktop\\SELENIUM\\tests\\spotify.spec.js",
          "file": "\\tests\\spotify.spec.js",
          "beforeHooks": [],
          "afterHooks": [],
          "tests": [
            {
              "title": "Prueba del inicio de sesion de sporify",
              "fullTitle": "login Prueba del inicio de sesion de sporify",
              "timedOut": null,
              "duration": 21056,
              "state": "passed",
              "speed": "slow",
              "pass": true,
              "fail": false,
              "pending": false,
              "context": null,
              "code": "let driver = new Builder().forBrowser(\"chrome\").build();\ntry {\n    await driver.get(\"https://accounts.spotify.com/es-ES/login?continue=https%3A%2F%2Fopen.spotify.com%2Fintl-es\");\n    await driver.findElement(By.id(\"login-username\")).sendKeys(\"miguelvaldez12@gmail.com\");\n    await driver.findElement(By.css(\"#login-password\")).sendKeys(\"Miguelvaldez12\");\n    await driver.findElement(By.css('[data-testid=\"login-button\"]')).click();\n    await driver.sleep(10000);\n    const screenshot = await driver.takeScreenshot();\n    fs.writeFileSync(\"screenshot.png\", screenshot, \"base64\");\n} finally {\n    await driver.quit();\n}",
              "err": {},
              "uuid": "3e3b69e3-365e-48c5-a28b-3a6e31cdca9e",
              "parentUUID": null,
              "isHook": false,
              "skipped": false
            }
          ],
          "suites": [],
          "passes": [
            "3e3b69e3-365e-48c5-a28b-3a6e31cdca9e"
          ],
          "failures": [],
          "pending": [],
          "skipped": [],
          "duration": 21056,
          "root": false,
          "rootEmpty": false,
          "_timeout": null
        }
      ],
      "passes": [],
      "failures": [],
      "pending": [],
      "skipped": [],
      "duration": 0,
      "root": true,
      "rootEmpty": true,
      "_timeout": 0
    }
  ],
  "meta": {
    "mocha": {
      "version": "10.2.0"
    },
    "mochawesome": {
      "options": {
        "quiet": false,
        "reportFilename": "mochawesome",
        "saveHtml": true,
        "saveJson": true,
        "consoleReporter": "spec",
        "useInlineDiffs": false,
        "code": true
      },
      "version": "7.1.3"
    },
    "marge": {
      "options": null,
      "version": "6.2.0"
    }
  }
}